<?xml version="1.0" encoding="UTF-8"?>
<testsuite name="org.example.HumedadTest" tests="1" skipped="0" failures="0" errors="0" timestamp="2024-07-03T14:47:23" hostname="DESKTOP-531818M" time="0.048">
  <properties/>
  <testcase name="testHumedadMethods()" classname="org.example.HumedadTest" time="0.048"/>
  <system-out><![CDATA[]]></system-out>
  <system-err><![CDATA[]]></system-err>
</testsuite>
